make all --print-data-base --no-builtin-variables --no-builtin-rules --question
# GNU Make 3.81
# Copyright (C) 2006  Free Software Foundation, Inc.
# This is free software; see the source for copying conditions.
# There is NO warranty; not even for MERCHANTABILITY or FITNESS FOR A
# PARTICULAR PURPOSE.

# This program built for i386-apple-darwin11.3.0
 

# Make data base, printed on Mon Aug  1 23:12:57 2022

# Variables

# automatic
<D = $(patsubst %/,%,$(dir $<))
# automatic
?F = $(notdir $?)
# automatic
?D = $(patsubst %/,%,$(dir $?))
# automatic
@D = $(patsubst %/,%,$(dir $@))
# automatic
@F = $(notdir $@)
# makefile
CURDIR := /Users/hboukili/Desktop/minishell
# makefile
SHELL = /bin/sh
# environment
VSCODE_NLS_CONFIG = {"locale":"en-us","availableLanguages":{},"_languagePackSupport":true}
# environment
_ = /usr/bin/make
# makefile (from `Makefile', line 1)
MAKEFILE_LIST :=  Makefile
# environment
VSCODE_CWD = /
# environment
Apple_PubSub_Socket_Render = /private/tmp/com.apple.launchd.5WX48UDLZH/Render
# environment
PATH = /Users/hboukili/goinfre/.brew/bin:/usr/local/bin:/usr/bin:/bin:/usr/sbin:/sbin:/usr/local/munki
# environment
LSCOLORS = Gxfxcxdxbxegedabagacad
# environment
ELECTRON_RUN_AS_NODE = 1
# default
.FEATURES := target-specific order-only second-expansion else-if archives jobserver check-symlink
# environment
SSH_AUTH_SOCK = /private/tmp/com.apple.launchd.dYmkGc1ulR/Listeners
# automatic
%F = $(notdir $%)
# environment
HOMEBREW_TEMP = /tmp/hboukili/Homebrew/Temp
# environment
PWD = /Users/hboukili/Desktop/minishell
# makefile (from `Makefile', line 1)
src = *.c ./parse/*.c ./exec/*.c ./libft_m/*.c
# environment
ORIGINAL_XDG_CURRENT_DESKTOP = undefined
# environment
VSCODE_AMD_ENTRYPOINT = vs/workbench/api/node/extensionHostProcess
# environment
HOME = /Users/hboukili
# default
MAKEFILEPATH := /Applications/Xcode.app/Contents/Developer/Makefiles
# environment
VSCODE_CODE_CACHE_PATH = /Users/hboukili/Library/Application Support/Code/CachedData/b06ae3b2d2dbfe28bca3134cc6be65935cdfea6a
# environment
LOGNAME = hboukili
# environment
APPLICATION_INSIGHTS_NO_DIAGNOSTIC_CHANNEL = 1
# environment
ZSH = /Users/hboukili/.oh-my-zsh
# environment
VSCODE_HANDLES_UNCAUGHT_ERRORS = true
# automatic
^D = $(patsubst %/,%,$(dir $^))
# environment
XPC_FLAGS = 0x0
# default
MAKE = $(MAKE_COMMAND)
# default
MAKECMDGOALS := all
# environment
HOMEBREW_CACHE = /tmp/hboukili/Homebrew/Caches
# environment
SHLVL = 1
# makefile (from `Makefile', line 5)
CC = cc
# default
MAKE_VERSION := 3.81
# environment
USER = hboukili
# makefile
.DEFAULT_GOAL := all
# environment
LESS = -R
# automatic
%D = $(patsubst %/,%,$(dir $%))
# default
MAKE_COMMAND := /Applications/Xcode.app/Contents/Developer/usr/bin/make
# default
.VARIABLES := 
# environment
TMPDIR = /var/folders/zz/zyxvpxvq6csfxvn_n0000jgm0004bx/T/
# automatic
*F = $(notdir $*)
# environment
VSCODE_IPC_HOOK = /Users/hboukili/Library/Application Support/Code/1.69.1-main.sock
 
# environment
MallocNanoZone = 0
# makefile
MAKEFLAGS = Rrqp
# environment
MFLAGS = -Rrqp
# automatic
*D = $(patsubst %/,%,$(dir $*))
# environment
XPC_SERVICE_NAME = com.microsoft.VSCode.1268
# automatic
+D = $(patsubst %/,%,$(dir $+))
# automatic
+F = $(notdir $+)
# makefile (from `Makefile', line 3)
RDLINE := -L/Users/hboukili/goinfre/.brew/opt/readline/lib -I /Users/hboukili/goinfre/.brew/opt/readline/include
# environment
__CF_USER_TEXT_ENCODING = 0x117D:0x0:0x0
# default
MAKEFILES := 
# automatic
<F = $(notdir $<)
# environment
PAGER = less
# environment
LC_ALL = C
# automatic
^F = $(notdir $^)
# default
SUFFIXES := 
# makefile (from `Makefile', line 4)
FLAGS = -lreadline -Wall -Wextra -Werror -fsanitize=address -g3
# default
.INCLUDE_DIRS = /usr/local/include
# environment
MAKELEVEL := 0
# environment
LANG = C
# makefile (from `Makefile', line 2)
minishell = minishell
# environment
VSCODE_PID = 27758
# variable set hash-table stats:
# Load=68/1024=7%, Rehash=0, Collisions=3/94=3%

# Pattern-specific Variable Values

# No pattern-specific variable values.

# Directories

# . (device 16777232, inode 3928727): 12 files, no impossibilities.
# exec (device 16777232, inode 3928790): 14 files, no impossibilities.
# parse (device 16777232, inode 3928840): 15 files, no impossibilities.
# libft_m (device 16777232, inode 3928803): 36 files, no impossibilities.

# 77 files, no impossibilities in 4 directories.

# Implicit Rules

# No implicit rules.

# Files

# Not a target:
exec/path.c:
#  Implicit rule search has been done.
#  Last modified 2022-08-01 22:52:27
#  File has been updated.
#  Successfully updated.
# variable set hash-table stats:
# Load=0/32=0%, Rehash=0, Collisions=0/0=0%

# Not a target:
parse/redirections.c:
#  Implicit rule search has been done.
#  Last modified 2022-08-01 22:52:27
#  File has been updated.
#  Successfully updated.
# variable set hash-table stats:
# Load=0/32=0%, Rehash=0, Collisions=0/0=0%

# Not a target:
libft_m/ft_strlcpy.c:
#  Implicit rule search has been done.
#  Last modified 2022-08-01 22:52:27
#  File has been updated.
#  Successfully updated.
# variable set hash-table stats:
# Load=0/32=0%, Rehash=0, Collisions=0/0=0%

# Not a target:
exec/child.c:
#  Implicit rule search has been done.
#  Last modified 2022-08-01 22:52:27
#  File has been updated.
#  Successfully updated.
# variable set hash-table stats:
# Load=0/32=0%, Rehash=0, Collisions=0/0=0%

# Not a target:
libft_m/ft_strncmp.c:
#  Implicit rule search has been done.
#  Last modified 2022-08-01 22:52:27
#  File has been updated.
#  Successfully updated.
# variable set hash-table stats:
# Load=0/32=0%, Rehash=0, Collisions=0/0=0%

# Not a target:
libft_m/ft_isascii.c:
#  Implicit rule search has been done.
#  Last modified 2022-08-01 22:52:27
#  File has been updated.
#  Successfully updated.
# variable set hash-table stats:
# Load=0/32=0%, Rehash=0, Collisions=0/0=0%

# Not a target:
exec/echo_env.c:
#  Implicit rule search has been done.
#  Last modified 2022-08-01 22:52:27
#  File has been updated.
#  Successfully updated.
# variable set hash-table stats:
# Load=0/32=0%, Rehash=0, Collisions=0/0=0%

# Not a target:
libft_m/ft_isalnum.c:
#  Implicit rule search has been done.
#  Last modified 2022-08-01 22:52:27
#  File has been updated.
#  Successfully updated.
# variable set hash-table stats:
# Load=0/32=0%, Rehash=0, Collisions=0/0=0%

all: minishell
#  Command-line target.
#  Implicit rule search has not been done.
#  Last modified 1969-12-31 23:59:56
#  File has been updated.
#  Successfully updated.
# variable set hash-table stats:
# Load=0/32=0%, Rehash=0, Collisions=0/0=0%
#  commands to execute (from `Makefile', line 8):
	

# Not a target:
parse/parse_helper2.c:
#  Implicit rule search has been done.
#  Last modified 2022-08-01 22:52:27
#  File has been updated.
#  Successfully updated.
# variable set hash-table stats:
# Load=0/32=0%, Rehash=0, Collisions=0/0=0%

# Not a target:
libft_m/ft_strdup.c:
#  Implicit rule search has been done.
#  Last modified 2022-08-01 22:52:27
#  File has been updated.
#  Successfully updated.
# variable set hash-table stats:
# Load=0/32=0%, Rehash=0, Collisions=0/0=0%

# Not a target:
exec/exit_function.c:
#  Implicit rule search has been done.
#  Last modified 2022-08-01 22:52:27
#  File has been updated.
#  Successfully updated.
# variable set hash-table stats:
# Load=0/32=0%, Rehash=0, Collisions=0/0=0%

# Not a target:
libft_m/ft_memmove.c:
#  Implicit rule search has been done.
#  Last modified 2022-08-01 22:52:27
#  File has been updated.
#  Successfully updated.
# variable set hash-table stats:
# Load=0/32=0%, Rehash=0, Collisions=0/0=0%

# Not a target:
libft_m/ft_strchr.c:
#  Implicit rule search has been done.
#  Last modified 2022-08-01 22:52:27
#  File has been updated.
#  Successfully updated.
# variable set hash-table stats:
# Load=0/32=0%, Rehash=0, Collisions=0/0=0%

# Not a target:
libft_m/ft_strlcat.c:
#  Implicit rule search has been done.
#  Last modified 2022-08-01 22:52:27
#  File has been updated.
#  Successfully updated.
# variable set hash-table stats:
# Load=0/32=0%, Rehash=0, Collisions=0/0=0%

# Not a target:
main.c:
#  Implicit rule search has been done.
#  Last modified 2022-08-01 22:53:06
#  File has been updated.
#  Successfully updated.
# variable set hash-table stats:
# Load=0/32=0%, Rehash=0, Collisions=0/0=0%

# Not a target:
libft_m/ft_toupper.c:
#  Implicit rule search has been done.
#  Last modified 2022-08-01 22:52:27
#  File has been updated.
#  Successfully updated.
# variable set hash-table stats:
# Load=0/32=0%, Rehash=0, Collisions=0/0=0%

# Not a target:
libft_m/ft_strnstr.c:
#  Implicit rule search has been done.
#  Last modified 2022-08-01 22:52:27
#  File has been updated.
#  Successfully updated.
# variable set hash-table stats:
# Load=0/32=0%, Rehash=0, Collisions=0/0=0%

# Not a target:
libft_m/ft_putstr_fd.c:
#  Implicit rule search has been done.
#  Last modified 2022-08-01 22:52:27
#  File has been updated.
#  Successfully updated.
# variable set hash-table stats:
# Load=0/32=0%, Rehash=0, Collisions=0/0=0%

# Not a target:
.SUFFIXES:
#  Implicit rule search has not been done.
#  Modification time never checked.
#  File has not been updated.

# Not a target:
parse/redirections_error.c:
#  Implicit rule search has been done.
#  Last modified 2022-08-01 22:52:27
#  File has been updated.
#  Successfully updated.
# variable set hash-table stats:
# Load=0/32=0%, Rehash=0, Collisions=0/0=0%

# Not a target:
Makefile:
#  Implicit rule search has been done.
#  Last modified 2022-08-01 23:11:50
#  File has been updated.
#  Successfully updated.
# variable set hash-table stats:
# Load=0/32=0%, Rehash=0, Collisions=0/0=0%

# Not a target:
exec/export.c:
#  Implicit rule search has been done.
#  Last modified 2022-08-01 22:52:27
#  File has been updated.
#  Successfully updated.
# variable set hash-table stats:
# Load=0/32=0%, Rehash=0, Collisions=0/0=0%

# Not a target:
libft_m/ft_putchar_fd.c:
#  Implicit rule search has been done.
#  Last modified 2022-08-01 22:52:27
#  File has been updated.
#  Successfully updated.
# variable set hash-table stats:
# Load=0/32=0%, Rehash=0, Collisions=0/0=0%

# Not a target:
parse/quotes.c:
#  Implicit rule search has been done.
#  Last modified 2022-08-01 22:52:27
#  File has been updated.
#  Successfully updated.
# variable set hash-table stats:
# Load=0/32=0%, Rehash=0, Collisions=0/0=0%

# Not a target:
libft_m/ft_atoi.c:
#  Implicit rule search has been done.
#  Last modified 2022-08-01 22:52:27
#  File has been updated.
#  Successfully updated.
# variable set hash-table stats:
# Load=0/32=0%, Rehash=0, Collisions=0/0=0%

# Not a target:
libft_m/ft_strtrim.c:
#  Implicit rule search has been done.
#  Last modified 2022-08-01 22:52:27
#  File has been updated.
#  Successfully updated.
# variable set hash-table stats:
# Load=0/32=0%, Rehash=0, Collisions=0/0=0%

# Not a target:
parse/functions2.c:
#  Implicit rule search has been done.
#  Last modified 2022-08-01 22:59:36
#  File has been updated.
#  Successfully updated.
# variable set hash-table stats:
# Load=0/32=0%, Rehash=0, Collisions=0/0=0%

 
# Not a target:
libft_m/ft_putendl_fd.c:
#  Implicit rule search has been done.
#  Last modified 2022-08-01 22:52:27
#  File has been updated.
#  Successfully updated.
# variable set hash-table stats:
# Load=0/32=0%, Rehash=0, Collisions=0/0=0%

# Not a target:
libft_m/ft_strmapi.c:
#  Implicit rule search has been done.
#  Last modified 2022-08-01 22:52:27
#  File has been updated.
#  Successfully updated.
# variable set hash-table stats:
# Load=0/32=0%, Rehash=0, Collisions=0/0=0%

# Not a target:
exec/exec_check_functions.c:
#  Implicit rule search has been done.
#  Last modified 2022-08-01 22:52:27
#  File has been updated.
#  Successfully updated.
# variable set hash-table stats:
# Load=0/32=0%, Rehash=0, Collisions=0/0=0%

minishell: main.c parse/ft_strjoin.c parse/functions2.c parse/linked_list_utils.c parse/parse.c parse/parse_helper.c parse/parse_helper2.c parse/pipe_linex.c parse/quotes.c parse/redirection_stock_value.c parse/redirections.c parse/redirections_error.c parse/utiles2.c parse/utils.c exec/builtins_child.c exec/builtins_parent.c exec/child.c exec/echo_env.c exec/exec_check_functions.c exec/exec_functions.c exec/exit_function.c exec/export.c exec/ft_joincmd.c exec/ft_mycmd.c exec/path.c exec/unset.c libft_m/ft_atoi.c libft_m/ft_bzero.c libft_m/ft_calloc.c libft_m/ft_isalnum.c libft_m/ft_isalpha.c libft_m/ft_isascii.c libft_m/ft_isdigit.c libft_m/ft_isprint.c libft_m/ft_itoa.c libft_m/ft_memchr.c libft_m/ft_memcmp.c libft_m/ft_memcpy.c libft_m/ft_memmove.c libft_m/ft_memset.c libft_m/ft_putchar_fd.c libft_m/ft_putendl_fd.c libft_m/ft_putnbr_fd.c libft_m/ft_putstr_fd.c libft_m/ft_split.c libft_m/ft_strchr.c libft_m/ft_strdup.c libft_m/ft_striteri.c libft_m/ft_strlcat.c libft_m/ft_strlcpy.c libft_m/ft_strlen.c libft_m/ft_strmapi.c libft_m/ft_strncmp.c libft_m/ft_strnstr.c libft_m/ft_strrchr.c libft_m/ft_strtrim.c libft_m/ft_substr.c libft_m/ft_tolower.c libft_m/ft_toupper.c
#  Implicit rule search has not been done.
#  Last modified 2022-08-01 23:11:56
#  File has been updated.
#  Successfully updated.
# variable set hash-table stats:
# Load=0/32=0%, Rehash=0, Collisions=0/0=0%
#  commands to execute (from `Makefile', line 10):
	@$(CC) $(FLAGS) $(RDLINE) $(src) -o minishell
	@tput setaf 2; echo "MINISHELL IS READY"
	

# Not a target:
parse/utiles2.c:
#  Implicit rule search has been done.
#  Last modified 2022-08-01 22:52:27
#  File has been updated.
#  Successfully updated.
# variable set hash-table stats:
# Load=0/32=0%, Rehash=0, Collisions=0/0=0%

# Not a target:
libft_m/ft_memcpy.c:
#  Implicit rule search has been done.
#  Last modified 2022-08-01 22:52:27
#  File has been updated.
#  Successfully updated.
# variable set hash-table stats:
# Load=0/32=0%, Rehash=0, Collisions=0/0=0%

# Not a target:
libft_m/ft_itoa.c:
#  Implicit rule search has been done.
#  Last modified 2022-08-01 22:52:27
#  File has been updated.
#  Successfully updated.
# variable set hash-table stats:
# Load=0/32=0%, Rehash=0, Collisions=0/0=0%

fclean: clean
#  Implicit rule search has not been done.
#  Modification time never checked.
#  File has not been updated.

# Not a target:
libft_m/ft_memcmp.c:
#  Implicit rule search has been done.
#  Last modified 2022-08-01 22:52:27
#  File has been updated.
#  Successfully updated.
# variable set hash-table stats:
# Load=0/32=0%, Rehash=0, Collisions=0/0=0%

# Not a target:
libft_m/ft_strlen.c:
#  Implicit rule search has been done.
#  Last modified 2022-08-01 22:52:27
#  File has been updated.
#  Successfully updated.
# variable set hash-table stats:
# Load=0/32=0%, Rehash=0, Collisions=0/0=0%

# Not a target:
libft_m/ft_isdigit.c:
#  Implicit rule search has been done.
#  Last modified 2022-08-01 22:52:27
#  File has been updated.
#  Successfully updated.
# variable set hash-table stats:
# Load=0/32=0%, Rehash=0, Collisions=0/0=0%

# Not a target:
exec/builtins_parent.c:
#  Implicit rule search has been done.
#  Last modified 2022-08-01 22:52:27
#  File has been updated.
#  Successfully updated.
# variable set hash-table stats:
# Load=0/32=0%, Rehash=0, Collisions=0/0=0%

# Not a target:
libft_m/ft_memchr.c:
#  Implicit rule search has been done.
#  Last modified 2022-08-01 22:52:27
#  File has been updated.
#  Successfully updated.
# variable set hash-table stats:
# Load=0/32=0%, Rehash=0, Collisions=0/0=0%

# Not a target:
libft_m/ft_memset.c:
#  Implicit rule search has been done.
#  Last modified 2022-08-01 22:52:27
#  File has been updated.
#  Successfully updated.
# variable set hash-table stats:
# Load=0/32=0%, Rehash=0, Collisions=0/0=0%

# Not a target:
parse/ft_strjoin.c:
#  Implicit rule search has been done.
#  Last modified 2022-08-01 22:52:27
#  File has been updated.
#  Successfully updated.
# variable set hash-table stats:
# Load=0/32=0%, Rehash=0, Collisions=0/0=0%

# Not a target:
libft_m/ft_tolower.c:
#  Implicit rule search has been done.
#  Last modified 2022-08-01 22:52:27
#  File has been updated.
#  Successfully updated.
# variable set hash-table stats:
# Load=0/32=0%, Rehash=0, Collisions=0/0=0%

# Not a target:
.DEFAULT:
#  Implicit rule search has not been done.
#  Modification time never checked.
#  File has not been updated.

# Not a target:
libft_m/ft_strrchr.c:
#  Implicit rule search has been done.
#  Last modified 2022-08-01 22:52:27
#  File has been updated.
#  Successfully updated.
# variable set hash-table stats:
# Load=0/32=0%, Rehash=0, Collisions=0/0=0%

# Not a target:
libft_m/ft_split.c:
#  Implicit rule search has been done.
#  Last modified 2022-08-01 22:52:27
#  File has been updated.
#  Successfully updated.
# variable set hash-table stats:
# Load=0/32=0%, Rehash=0, Collisions=0/0=0%

# Not a target:
parse/parse_helper.c:
#  Implicit rule search has been done.
#  Last modified 2022-08-01 22:52:27
#  File has been updated.
#  Successfully updated.
# variable set hash-table stats:
# Load=0/32=0%, Rehash=0, Collisions=0/0=0%

# Not a target:
exec/builtins_child.c:
#  Implicit rule search has been done.
#  Last modified 2022-08-01 22:52:27
#  File has been updated.
#  Successfully updated.
# variable set hash-table stats:
# Load=0/32=0%, Rehash=0, Collisions=0/0=0%

re: fclean all
#  Implicit rule search has not been done.
#  Modification time never checked.
#  File has not been updated.

# Not a target:
parse/parse.c:
#  Implicit rule search has been done.
#  Last modified 2022-08-01 22:52:27
#  File has been updated.
#  Successfully updated.
# variable set hash-table stats:
# Load=0/32=0%, Rehash=0, Collisions=0/0=0%

# Not a target:
parse/utils.c:
#  Implicit rule search has been done.
#  Last modified 2022-08-01 22:52:27
#  File has been updated.
#  Successfully updated.
# variable set hash-table stats:
# Load=0/32=0%, Rehash=0, Collisions=0/0=0%

clean:
#  Implicit rule search has not been done.
#  Modification time never checked.
#  File has not been updated.
#  commands to execute (from `Makefile', line 14):
	@rm -f minishell
	@tput setaf 1; echo "CLEAN COMPLET"
	

# Not a target:
libft_m/ft_bzero.c:
#  Implicit rule search has been done.
#  Last modified 2022-08-01 22:52:27
#  File has been updated.
#  Successfully updated.
# variable set hash-table stats:
# Load=0/32=0%, Rehash=0, Collisions=0/0=0%

# Not a target:
libft_m/ft_isprint.c:
#  Implicit rule search has been done.
#  Last modified 2022-08-01 22:52:27
#  File has been updated.
#  Successfully updated.
# variable set hash-table stats:
# Load=0/32=0%, Rehash=0, Collisions=0/0=0%

# Not a target:
parse/linked_list_utils.c:
#  Implicit rule search has been done.
#  Last modified 2022-08-01 22:52:27
#  File has been updated.
#  Successfully updated.
# variable set hash-table stats:
# Load=0/32=0%, Rehash=0, Collisions=0/0=0%

# Not a target:
exec/unset.c:
#  Implicit rule search has been done.
#  Last modified 2022-08-01 22:52:27
#  File has been updated.
#  Successfully updated.
# variable set hash-table stats:
# Load=0/32=0%, Rehash=0, Collisions=0/0=0%

# Not a target:
libft_m/ft_striteri.c:
#  Implicit rule search has been done.
#  Last modified 2022-08-01 22:52:27
#  File has been updated.
#  Successfully updated.
# variable set hash-table stats:
 
# Load=0/32=0%, Rehash=0, Collisions=0/0=0%

# Not a target:
parse/redirection_stock_value.c:
#  Implicit rule search has been done.
#  Last modified 2022-08-01 23:11:23
#  File has been updated.
#  Successfully updated.
# variable set hash-table stats:
# Load=0/32=0%, Rehash=0, Collisions=0/0=0%

# Not a target:
libft_m/ft_substr.c:
#  Implicit rule search has been done.
#  Last modified 2022-08-01 22:52:27
#  File has been updated.
#  Successfully updated.
# variable set hash-table stats:
# Load=0/32=0%, Rehash=0, Collisions=0/0=0%

# Not a target:
exec/ft_joincmd.c:
#  Implicit rule search has been done.
#  Last modified 2022-08-01 22:52:27
#  File has been updated.
#  Successfully updated.
# variable set hash-table stats:
# Load=0/32=0%, Rehash=0, Collisions=0/0=0%

# Not a target:
parse/pipe_linex.c:
#  Implicit rule search has been done.
#  Last modified 2022-08-01 22:52:27
#  File has been updated.
#  Successfully updated.
# variable set hash-table stats:
# Load=0/32=0%, Rehash=0, Collisions=0/0=0%

# Not a target:
libft_m/ft_putnbr_fd.c:
#  Implicit rule search has been done.
#  Last modified 2022-08-01 22:52:27
#  File has been updated.
#  Successfully updated.
# variable set hash-table stats:
# Load=0/32=0%, Rehash=0, Collisions=0/0=0%

# Not a target:
exec/exec_functions.c:
#  Implicit rule search has been done.
#  Last modified 2022-08-01 22:52:27
#  File has been updated.
#  Successfully updated.
# variable set hash-table stats:
# Load=0/32=0%, Rehash=0, Collisions=0/0=0%

# Not a target:
libft_m/ft_calloc.c:
#  Implicit rule search has been done.
#  Last modified 2022-08-01 22:52:27
#  File has been updated.
#  Successfully updated.
# variable set hash-table stats:
# Load=0/32=0%, Rehash=0, Collisions=0/0=0%

# Not a target:
exec/ft_mycmd.c:
#  Implicit rule search has been done.
#  Last modified 2022-08-01 22:52:27
#  File has been updated.
#  Successfully updated.
# variable set hash-table stats:
# Load=0/32=0%, Rehash=0, Collisions=0/0=0%

# Not a target:
libft_m/ft_isalpha.c:
#  Implicit rule search has been done.
#  Last modified 2022-08-01 22:52:27
#  File has been updated.
#  Successfully updated.
# variable set hash-table stats:
# Load=0/32=0%, Rehash=0, Collisions=0/0=0%

# files hash-table stats:
# Load=67/1024=7%, Rehash=0, Collisions=11/143=8%
# VPATH Search Paths

# No `vpath' search paths.

# No general (`VPATH' variable) search path.

# # of strings in strcache: 1
# # of strcache buffers: 1
# strcache size: total = 4096 / max = 4096 / min = 4096 / avg = 4096
# strcache free: total = 4087 / max = 4087 / min = 4087 / avg = 4087

# Finished Make data base on Mon Aug  1 23:12:57 2022

 
